<?xml version="1.0" encoding="UTF-8"?>
<!-- Generated by org.testng.reporters.JUnitReportReporter -->
<testsuite hostname="DESKTOP-HPDS4AL" failures="0" tests="1" name="ui.com.qa.tests.DemoQABookStoreTest" time="13.774" errors="0" timestamp="2025-07-21T19:57:24 IST" skipped="0">
  <testcase classname="ui.com.qa.tests.DemoQABookStoreTest" name="bookStoreSearchTest" time="13.774"/>
</testsuite> <!-- ui.com.qa.tests.DemoQABookStoreTest -->
